<?xml version="1.0" encoding="UTF-8"?>
<!-- Generated by org.testng.reporters.JUnitXMLReporter -->
<testsuite ignored="1" hostname="IBM-PF1VX0DG" failures="0" tests="3" name="Test" time="41.863" errors="0" timestamp="2022-11-18T21:20:18 HKT">
  <testcase classname="TestCase.HomePageTest" name="homePageTest" time="0.803"/>
  <testcase classname="TestCase.HomePageTest" name="hpTestTwo" time="0.94"/>
  <testcase classname="TestCase.DetailPageTest" name="detailPageTest" time="0.416"/>
  <testcase classname="Base.Base" name="@BeforeTest setUp" time="0.0">
    <ignored/>
  </testcase> <!-- @BeforeTest setUp -->
</testsuite> <!-- Test -->
