<?xml version="1.0" encoding="UTF-8"?>
<!-- Generated by org.testng.reporters.JUnitXMLReporter -->
<testsuite ignored="0" hostname="IBM-PF1VX0DG" failures="0" tests="4" name="Test" time="37.458" errors="0" timestamp="2023-01-05T15:18:40 GMT-05:00">
  <testcase classname="TestCase.HomePageTest" name="homePageTest" time="1.044"/>
  <testcase classname="TestCase.HomePageTest" name="homePageTest" time="0.544"/>
  <testcase classname="TestCase.HomePageTest" name="homePageTest" time="0.94"/>
  <testcase classname="TestCase.HomePageTest" name="hpTestTwo" time="1.047"/>
</testsuite> <!-- Test -->
