<?xml version="1.0" encoding="UTF-8"?>
<testng-results ignored="1" total="4" passed="3" failed="0" skipped="0">
  <reporter-output>
  </reporter-output>
  <suite started-at="2022-11-18T21:19:36 HKT" name="Suite" finished-at="2022-11-18T21:20:18 HKT" duration-ms="41863">
    <groups>
    </groups>
    <test started-at="2022-11-18T21:19:36 HKT" name="Test" finished-at="2022-11-18T21:20:18 HKT" duration-ms="41863">
      <class name="TestCase.DetailPageTest">
        <test-method is-config="true" signature="openBrowser()[pri:0, instance:TestCase.DetailPageTest@7bab3f1a]" started-at="2022-11-18T21:20:08 HKT" name="openBrowser" finished-at="2022-11-18T21:20:17 HKT" duration-ms="9253" status="PASS">
          <reporter-output>
          </reporter-output>
        </test-method> <!-- openBrowser -->
        <test-method signature="detailPageTest()[pri:1, instance:TestCase.DetailPageTest@7bab3f1a]" started-at="2022-11-18T21:20:17 HKT" name="detailPageTest" finished-at="2022-11-18T21:20:17 HKT" duration-ms="416" status="PASS">
          <reporter-output>
          </reporter-output>
        </test-method> <!-- detailPageTest -->
        <test-method is-config="true" signature="closeBrowser()[pri:0, instance:TestCase.DetailPageTest@7bab3f1a]" started-at="2022-11-18T21:20:17 HKT" name="closeBrowser" finished-at="2022-11-18T21:20:18 HKT" duration-ms="200" status="PASS">
          <reporter-output>
          </reporter-output>
        </test-method> <!-- closeBrowser -->
      </class> <!-- TestCase.DetailPageTest -->
      <class name="TestCase.HomePageTest">
        <test-method is-config="true" signature="setUp()[pri:0, instance:TestCase.HomePageTest@31fa1761]" started-at="2022-11-18T21:19:36 HKT" name="setUp" finished-at="2022-11-18T21:19:36 HKT" duration-ms="263" status="PASS">
          <reporter-output>
          </reporter-output>
        </test-method> <!-- setUp -->
        <test-method is-config="true" signature="openBrowser()[pri:0, instance:TestCase.HomePageTest@31fa1761]" started-at="2022-11-18T21:19:36 HKT" name="openBrowser" finished-at="2022-11-18T21:19:52 HKT" duration-ms="15671" status="PASS">
          <reporter-output>
          </reporter-output>
        </test-method> <!-- openBrowser -->
        <test-method signature="homePageTest()[pri:0, instance:TestCase.HomePageTest@31fa1761]" started-at="2022-11-18T21:19:52 HKT" name="homePageTest" finished-at="2022-11-18T21:19:53 HKT" duration-ms="803" status="PASS">
          <reporter-output>
          </reporter-output>
        </test-method> <!-- homePageTest -->
        <test-method is-config="true" signature="closeBrowser()[pri:0, instance:TestCase.HomePageTest@31fa1761]" started-at="2022-11-18T21:19:53 HKT" name="closeBrowser" finished-at="2022-11-18T21:19:53 HKT" duration-ms="275" status="PASS">
          <reporter-output>
          </reporter-output>
        </test-method> <!-- closeBrowser -->
        <test-method is-config="true" signature="openBrowser()[pri:0, instance:TestCase.HomePageTest@31fa1761]" started-at="2022-11-18T21:19:53 HKT" name="openBrowser" finished-at="2022-11-18T21:20:07 HKT" duration-ms="13717" status="PASS">
          <reporter-output>
          </reporter-output>
        </test-method> <!-- openBrowser -->
        <test-method signature="hpTestTwo()[pri:0, instance:TestCase.HomePageTest@31fa1761]" started-at="2022-11-18T21:20:07 HKT" name="hpTestTwo" finished-at="2022-11-18T21:20:07 HKT" duration-ms="940" status="PASS">
          <reporter-output>
          </reporter-output>
        </test-method> <!-- hpTestTwo -->
        <test-method is-config="true" signature="closeBrowser()[pri:0, instance:TestCase.HomePageTest@31fa1761]" started-at="2022-11-18T21:20:07 HKT" name="closeBrowser" finished-at="2022-11-18T21:20:08 HKT" duration-ms="290" status="PASS">
          <reporter-output>
          </reporter-output>
        </test-method> <!-- closeBrowser -->
      </class> <!-- TestCase.HomePageTest -->
    </test> <!-- Test -->
  </suite> <!-- Suite -->
</testng-results>
