<?xml version="1.0" encoding="UTF-8"?>
<testng-results ignored="0" total="4" passed="4" failed="0" skipped="0">
  <reporter-output>
  </reporter-output>
  <suite started-at="2023-01-05T15:18:02 GMT-05:00" name="Suite" finished-at="2023-01-05T15:18:40 GMT-05:00" duration-ms="37458">
    <groups>
    </groups>
    <test started-at="2023-01-05T15:18:02 GMT-05:00" name="Test" finished-at="2023-01-05T15:18:40 GMT-05:00" duration-ms="37458">
      <class name="TestCase.HomePageTest">
        <test-method is-config="true" signature="setUp()[pri:0, instance:TestCase.HomePageTest@47e2e487]" started-at="2023-01-05T15:18:02 GMT-05:00" name="setUp" finished-at="2023-01-05T15:18:03 GMT-05:00" duration-ms="305" status="PASS">
          <reporter-output>
          </reporter-output>
        </test-method> <!-- setUp -->
        <test-method is-config="true" signature="openBrowser()[pri:0, instance:TestCase.HomePageTest@47e2e487]" started-at="2023-01-05T15:18:03 GMT-05:00" name="openBrowser" finished-at="2023-01-05T15:18:12 GMT-05:00" duration-ms="8893" status="PASS">
          <reporter-output>
          </reporter-output>
        </test-method> <!-- openBrowser -->
        <test-method signature="homePageTest(java.lang.String)[pri:0, instance:TestCase.HomePageTest@47e2e487]" started-at="2023-01-05T15:18:12 GMT-05:00" name="homePageTest" data-provider="myDp" finished-at="2023-01-05T15:18:13 GMT-05:00" duration-ms="1044" status="PASS">
          <params>
            <param index="0">
              <value>
                <![CDATA[2nd UserName]]>
              </value>
            </param>
          </params>
          <reporter-output>
          </reporter-output>
        </test-method> <!-- homePageTest -->
        <test-method is-config="true" signature="closeBrowser()[pri:0, instance:TestCase.HomePageTest@47e2e487]" started-at="2023-01-05T15:18:13 GMT-05:00" name="closeBrowser" finished-at="2023-01-05T15:18:14 GMT-05:00" duration-ms="483" status="PASS">
          <reporter-output>
          </reporter-output>
        </test-method> <!-- closeBrowser -->
        <test-method is-config="true" signature="openBrowser()[pri:0, instance:TestCase.HomePageTest@47e2e487]" started-at="2023-01-05T15:18:14 GMT-05:00" name="openBrowser" finished-at="2023-01-05T15:18:21 GMT-05:00" duration-ms="7109" status="PASS">
          <reporter-output>
          </reporter-output>
        </test-method> <!-- openBrowser -->
        <test-method signature="homePageTest(java.lang.String)[pri:0, instance:TestCase.HomePageTest@47e2e487]" started-at="2023-01-05T15:18:21 GMT-05:00" name="homePageTest" data-provider="myDp" finished-at="2023-01-05T15:18:21 GMT-05:00" duration-ms="544" status="PASS">
          <params>
            <param index="0">
              <value>
                <![CDATA[2 Pankaj]]>
              </value>
            </param>
          </params>
          <reporter-output>
          </reporter-output>
        </test-method> <!-- homePageTest -->
        <test-method is-config="true" signature="closeBrowser()[pri:0, instance:TestCase.HomePageTest@47e2e487]" started-at="2023-01-05T15:18:21 GMT-05:00" name="closeBrowser" finished-at="2023-01-05T15:18:21 GMT-05:00" duration-ms="228" status="PASS">
          <reporter-output>
          </reporter-output>
        </test-method> <!-- closeBrowser -->
        <test-method is-config="true" signature="openBrowser()[pri:0, instance:TestCase.HomePageTest@47e2e487]" started-at="2023-01-05T15:18:21 GMT-05:00" name="openBrowser" finished-at="2023-01-05T15:18:30 GMT-05:00" duration-ms="8823" status="PASS">
          <reporter-output>
          </reporter-output>
        </test-method> <!-- openBrowser -->
        <test-method signature="homePageTest(java.lang.String)[pri:0, instance:TestCase.HomePageTest@47e2e487]" started-at="2023-01-05T15:18:30 GMT-05:00" name="homePageTest" data-provider="myDp" finished-at="2023-01-05T15:18:31 GMT-05:00" duration-ms="940" status="PASS">
          <params>
            <param index="0">
              <value>
                <![CDATA[2nd Singh]]>
              </value>
            </param>
          </params>
          <reporter-output>
          </reporter-output>
        </test-method> <!-- homePageTest -->
        <test-method is-config="true" signature="closeBrowser()[pri:0, instance:TestCase.HomePageTest@47e2e487]" started-at="2023-01-05T15:18:31 GMT-05:00" name="closeBrowser" finished-at="2023-01-05T15:18:32 GMT-05:00" duration-ms="280" status="PASS">
          <reporter-output>
          </reporter-output>
        </test-method> <!-- closeBrowser -->
        <test-method is-config="true" signature="openBrowser()[pri:0, instance:TestCase.HomePageTest@47e2e487]" started-at="2023-01-05T15:18:32 GMT-05:00" name="openBrowser" finished-at="2023-01-05T15:18:39 GMT-05:00" duration-ms="6999" status="PASS">
          <reporter-output>
          </reporter-output>
        </test-method> <!-- openBrowser -->
        <test-method signature="hpTestTwo(java.lang.String)[pri:0, instance:TestCase.HomePageTest@47e2e487]" started-at="2023-01-05T15:18:39 GMT-05:00" name="hpTestTwo" finished-at="2023-01-05T15:18:40 GMT-05:00" duration-ms="1047" status="PASS">
          <params>
            <param index="0">
              <value>
                <![CDATA[Pankaj]]>
              </value>
            </param>
          </params>
          <reporter-output>
          </reporter-output>
        </test-method> <!-- hpTestTwo -->
        <test-method is-config="true" signature="closeBrowser()[pri:0, instance:TestCase.HomePageTest@47e2e487]" started-at="2023-01-05T15:18:40 GMT-05:00" name="closeBrowser" finished-at="2023-01-05T15:18:40 GMT-05:00" duration-ms="263" status="PASS">
          <reporter-output>
          </reporter-output>
        </test-method> <!-- closeBrowser -->
      </class> <!-- TestCase.HomePageTest -->
    </test> <!-- Test -->
  </suite> <!-- Suite -->
</testng-results>
